Database Error (Heart Rate): operator does not exist: character varying = integer
LINE 1: SELECT bpm FROM heart_rate WHERE id = 1 ORDER BY timestamp D...
                                            ^
HINT:  No operator matches the given name and argument types. You might need to add explicit type casts.

Database Error (Steps): operator does not exist: character varying = integer
LINE 1: SELECT step_count FROM steps WHERE id = 1 ORDER BY timestamp...
                                              ^
HINT:  No operator matches the given name and argument types. You might need to add explicit type casts.

Encoding Error (User 1): y contains previously unseen labels: 'Unknown'
Database Error (Heart Rate): operator does not exist: character varying = integer
LINE 1: SELECT bpm FROM heart_rate WHERE id = 3 ORDER BY timestamp D...
                                            ^
HINT:  No operator matches the given name and argument types. You might need to add explicit type casts.

Database Error (Steps): operator does not exist: character varying = integer
LINE 1: SELECT step_count FROM steps WHERE id = 3 ORDER BY timestamp...
                                              ^
HINT:  No operator matches the given name and argument types. You might need to add explicit type casts.

Encoding Error (User 3): y contains previously unseen labels: 'Unknown'
Database Error (Heart Rate): operator does not exist: character varying = integer
LINE 1: SELECT bpm FROM heart_rate WHERE id = 4 ORDER BY timestamp D...
                                            ^
HINT:  No operator matches the given name and argument types. You might need to add explicit type casts.

Database Error (Steps): operator does not exist: character varying = integer
LINE 1: SELECT step_count FROM steps WHERE id = 4 ORDER BY timestamp...
                                              ^
HINT:  No operator matches the given name and argument types. You might need to add explicit type casts.

Database Error (Heart Rate): operator does not exist: character varying = integer
LINE 1: SELECT bpm FROM heart_rate WHERE id = 5 ORDER BY timestamp D...
                                            ^
HINT:  No operator matches the given name and argument types. You might need to add explicit type casts.

Database Error (Steps): operator does not exist: character varying = integer
LINE 1: SELECT step_count FROM steps WHERE id = 5 ORDER BY timestamp...
                                              ^
HINT:  No operator matches the given name and argument types. You might need to add explicit type casts.

Database Error (Heart Rate): operator does not exist: character varying = integer
LINE 1: SELECT bpm FROM heart_rate WHERE id = 6 ORDER BY timestamp D...
                                            ^
HINT:  No operator matches the given name and argument types. You might need to add explicit type casts.

Database Error (Steps): operator does not exist: character varying = integer
LINE 1: SELECT step_count FROM steps WHERE id = 6 ORDER BY timestamp...
                                              ^
HINT:  No operator matches the given name and argument types. You might need to add explicit type casts.

Database Error (Heart Rate): operator does not exist: character varying = integer
LINE 1: SELECT bpm FROM heart_rate WHERE id = 8 ORDER BY timestamp D...
                                            ^
HINT:  No operator matches the given name and argument types. You might need to add explicit type casts.

Database Error (Steps): operator does not exist: character varying = integer
LINE 1: SELECT step_count FROM steps WHERE id = 8 ORDER BY timestamp...
                                              ^
HINT:  No operator matches the given name and argument types. You might need to add explicit type casts.

Encoding Error (User 8): y contains previously unseen labels: 'Unknown'
Database Error (Heart Rate): operator does not exist: character varying = integer
LINE 1: SELECT bpm FROM heart_rate WHERE id = 10 ORDER BY timestamp ...
                                            ^
HINT:  No operator matches the given name and argument types. You might need to add explicit type casts.

Database Error (Steps): operator does not exist: character varying = integer
LINE 1: SELECT step_count FROM steps WHERE id = 10 ORDER BY timestam...
                                              ^
HINT:  No operator matches the given name and argument types. You might need to add explicit type casts.

Encoding Error (User 10): y contains previously unseen labels: 'Unknown'
Database Error (Heart Rate): operator does not exist: character varying = integer
LINE 1: SELECT bpm FROM heart_rate WHERE id = 1 ORDER BY timestamp D...
                                            ^
HINT:  No operator matches the given name and argument types. You might need to add explicit type casts.

Database Error (Steps): operator does not exist: character varying = integer
LINE 1: SELECT step_count FROM steps WHERE id = 1 ORDER BY timestamp...
                                              ^
HINT:  No operator matches the given name and argument types. You might need to add explicit type casts.

Encoding Error (User 1): y contains previously unseen labels: 'Unknown'
Database Error (Heart Rate): operator does not exist: character varying = integer
LINE 1: SELECT bpm FROM heart_rate WHERE id = 3 ORDER BY timestamp D...
                                            ^
HINT:  No operator matches the given name and argument types. You might need to add explicit type casts.

Database Error (Steps): operator does not exist: character varying = integer
LINE 1: SELECT step_count FROM steps WHERE id = 3 ORDER BY timestamp...
                                              ^
HINT:  No operator matches the given name and argument types. You might need to add explicit type casts.

Encoding Error (User 3): y contains previously unseen labels: 'Unknown'
Database Error (Heart Rate): operator does not exist: character varying = integer
LINE 1: SELECT bpm FROM heart_rate WHERE id = 4 ORDER BY timestamp D...
                                            ^
HINT:  No operator matches the given name and argument types. You might need to add explicit type casts.

Database Error (Steps): operator does not exist: character varying = integer
LINE 1: SELECT step_count FROM steps WHERE id = 4 ORDER BY timestamp...
                                              ^
HINT:  No operator matches the given name and argument types. You might need to add explicit type casts.

Database Error (Heart Rate): operator does not exist: character varying = integer
LINE 1: SELECT bpm FROM heart_rate WHERE id = 5 ORDER BY timestamp D...
                                            ^
HINT:  No operator matches the given name and argument types. You might need to add explicit type casts.

Database Error (Steps): operator does not exist: character varying = integer
LINE 1: SELECT step_count FROM steps WHERE id = 5 ORDER BY timestamp...
                                              ^
HINT:  No operator matches the given name and argument types. You might need to add explicit type casts.

Database Error (Heart Rate): operator does not exist: character varying = integer
LINE 1: SELECT bpm FROM heart_rate WHERE id = 6 ORDER BY timestamp D...
                                            ^
HINT:  No operator matches the given name and argument types. You might need to add explicit type casts.

Database Error (Steps): operator does not exist: character varying = integer
LINE 1: SELECT step_count FROM steps WHERE id = 6 ORDER BY timestamp...
                                              ^
HINT:  No operator matches the given name and argument types. You might need to add explicit type casts.

Database Error (Heart Rate): operator does not exist: character varying = integer
LINE 1: SELECT bpm FROM heart_rate WHERE id = 8 ORDER BY timestamp D...
                                            ^
HINT:  No operator matches the given name and argument types. You might need to add explicit type casts.

Database Error (Steps): operator does not exist: character varying = integer
LINE 1: SELECT step_count FROM steps WHERE id = 8 ORDER BY timestamp...
                                              ^
HINT:  No operator matches the given name and argument types. You might need to add explicit type casts.

Encoding Error (User 8): y contains previously unseen labels: 'Unknown'
Database Error (Heart Rate): operator does not exist: character varying = integer
LINE 1: SELECT bpm FROM heart_rate WHERE id = 10 ORDER BY timestamp ...
                                            ^
HINT:  No operator matches the given name and argument types. You might need to add explicit type casts.

Database Error (Steps): operator does not exist: character varying = integer
LINE 1: SELECT step_count FROM steps WHERE id = 10 ORDER BY timestam...
                                              ^
HINT:  No operator matches the given name and argument types. You might need to add explicit type casts.

Encoding Error (User 10): y contains previously unseen labels: 'Unknown'
